<?xml version="1.0" encoding="UTF-8"?>
<testsuite xmlns:xsi="http://www.w3.org/2001/XMLSchema-instance" xsi:noNamespaceSchemaLocation="https://maven.apache.org/surefire/maven-surefire-plugin/xsd/surefire-test-report.xsd" version="3.0.2" name="com.torneios.dominio.competicao.RunCucumber" time="0.278" tests="12" errors="0" skipped="0" failures="0">
  <properties>
[...]
</properties>
  <testcase name="Gerar partidas para torneio por pontos corridos" classname="RunCucumber" time="0.096">
    <system-out><![CDATA[
Scenario: Gerar partidas para torneio por pontos corridos &amp#27;[90m# com/torneios/dominio/competicao/gerar-partidas-do-torneio.feature:7&amp#27;[0m
  &amp#27;[32mGiven &amp#27;[0m&amp#27;[32mque existe um torneio com formato pontos corridos&amp#27;[0m &amp#27;[90m# com.torneios.dominio.competicao.steps.CompeticaoSteps.que_existe_torneio_pontos_corridos()&amp#27;[0m
  &amp#27;[32mAnd &amp#27;[0m&amp#27;[32mque a estrutura da competição já foi gerada&amp#27;[0m         &amp#27;[90m# com.torneios.dominio.competicao.steps.CompeticaoSteps.que_estrutura_ja_foi_gerada()&amp#27;[0m
  &amp#27;[32mWhen &amp#27;[0m&amp#27;[32mo organizador gerar as partidas do torneio&amp#27;[0m         &amp#27;[90m# com.torneios.dominio.competicao.steps.CompeticaoSteps.o_organizador_gerar_partidas()&amp#27;[0m
  &amp#27;[32mThen &amp#27;[0m&amp#27;[32mo sistema deve registrar as partidas da competição&amp#27;[0m &amp#27;[90m# com.torneios.dominio.competicao.steps.CompeticaoSteps.o_sistema_deve_registrar_partidas_competicao()&amp#27;[0m
]]></system-out>
  </testcase>
  <testcase name="Gerar partidas para torneio mata-mata" classname="RunCucumber" time="0.008">
    <system-out><![CDATA[
Scenario: Gerar partidas para torneio mata-mata            &amp#27;[90m# com/torneios/dominio/competicao/gerar-partidas-do-torneio.feature:13&amp#27;[0m
  &amp#27;[32mGiven &amp#27;[0m&amp#27;[32mque existe um torneio com formato mata-mata&amp#27;[0m        &amp#27;[90m# com.torneios.dominio.competicao.steps.CompeticaoSteps.que_existe_torneio_mata_mata()&amp#27;[0m
  &amp#27;[32mAnd &amp#27;[0m&amp#27;[32mque a estrutura da competição já foi gerada&amp#27;[0m          &amp#27;[90m# com.torneios.dominio.competicao.steps.CompeticaoSteps.que_estrutura_ja_foi_gerada()&amp#27;[0m
  &amp#27;[32mWhen &amp#27;[0m&amp#27;[32mo organizador gerar as partidas do torneio&amp#27;[0m          &amp#27;[90m# com.torneios.dominio.competicao.steps.CompeticaoSteps.o_organizador_gerar_partidas()&amp#27;[0m
  &amp#27;[32mThen &amp#27;[0m&amp#27;[32mo sistema deve registrar as partidas do chaveamento&amp#27;[0m &amp#27;[90m# com.torneios.dominio.competicao.steps.CompeticaoSteps.o_sistema_deve_registrar_partidas_chaveamento()&amp#27;[0m
]]></system-out>
  </testcase>
  <testcase name="Gerar partidas para torneio com fase de grupos" classname="RunCucumber" time="0.006">
    <system-out><![CDATA[
Scenario: Gerar partidas para torneio com fase de grupos      &amp#27;[90m# com/torneios/dominio/competicao/gerar-partidas-do-torneio.feature:19&amp#27;[0m
  &amp#27;[32mGiven &amp#27;[0m&amp#27;[32mque existe um torneio com fase de grupos&amp#27;[0m              &amp#27;[90m# com.torneios.dominio.competicao.steps.CompeticaoSteps.que_existe_torneio_fase_grupos()&amp#27;[0m
  &amp#27;[32mAnd &amp#27;[0m&amp#27;[32mque a estrutura da competição já foi gerada&amp#27;[0m             &amp#27;[90m# com.torneios.dominio.competicao.steps.CompeticaoSteps.que_estrutura_ja_foi_gerada()&amp#27;[0m
  &amp#27;[32mWhen &amp#27;[0m&amp#27;[32mo organizador gerar as partidas do torneio&amp#27;[0m             &amp#27;[90m# com.torneios.dominio.competicao.steps.CompeticaoSteps.o_organizador_gerar_partidas()&amp#27;[0m
  &amp#27;[32mThen &amp#27;[0m&amp#27;[32mo sistema deve registrar as partidas da fase de grupos&amp#27;[0m &amp#27;[90m# com.torneios.dominio.competicao.steps.CompeticaoSteps.o_sistema_deve_registrar_partidas_fase_grupos()&amp#27;[0m
]]></system-out>
  </testcase>
  <testcase name="Impedir geração de partidas sem estrutura prévia da competição" classname="RunCucumber" time="0.006">
    <system-out><![CDATA[
Scenario: Impedir geração de partidas sem estrutura prévia da competição &amp#27;[90m# com/torneios/dominio/competicao/gerar-partidas-do-torneio.feature:25&amp#27;[0m
  &amp#27;[32mGiven &amp#27;[0m&amp#27;[32mque existe um torneio configurado&amp#27;[0m                                &amp#27;[90m# com.torneios.dominio.competicao.steps.CompeticaoSteps.que_existe_torneio_configurado()&amp#27;[0m
  &amp#27;[32mAnd &amp#27;[0m&amp#27;[32mque a estrutura da competição ainda não foi gerada&amp#27;[0m                 &amp#27;[90m# com.torneios.dominio.competicao.steps.CompeticaoSteps.que_estrutura_nao_foi_gerada()&amp#27;[0m
  &amp#27;[32mWhen &amp#27;[0m&amp#27;[32mo organizador gerar as partidas do torneio&amp#27;[0m                        &amp#27;[90m# com.torneios.dominio.competicao.steps.CompeticaoSteps.o_organizador_gerar_partidas()&amp#27;[0m
  &amp#27;[32mThen &amp#27;[0m&amp#27;[32mo sistema deve impedir a operação&amp#27;[0m                                 &amp#27;[90m# com.torneios.dominio.competicao.steps.CompeticaoSteps.o_sistema_deve_impedir_operacao()&amp#27;[0m
]]></system-out>
  </testcase>
  <testcase name="Registrar apenas o placar oficial da partida sem informar eventos estatisticos" classname="RunCucumber" time="0.008">
    <system-out><![CDATA[
Scenario: Registrar apenas o placar oficial da partida sem informar eventos estatisticos &amp#27;[90m# com/torneios/dominio/competicao/registrar-resultado-da-partida.feature:7&amp#27;[0m
  &amp#27;[32mGiven &amp#27;[0m&amp#27;[32mque existe uma partida cadastrada no torneio&amp#27;[0m                                     &amp#27;[90m# com.torneios.dominio.competicao.steps.CompeticaoSteps.que_existe_partida_cadastrada()&amp#27;[0m
  &amp#27;[32mAnd &amp#27;[0m&amp#27;[32mque o usuário autenticado é o organizador do torneio&amp#27;[0m                               &amp#27;[90m# com.torneios.dominio.competicao.steps.CompeticaoSteps.que_usuario_e_organizador()&amp#27;[0m
  &amp#27;[32mWhen &amp#27;[0m&amp#27;[32mele registrar o placar da partida&amp#27;[0m                                                 &amp#27;[90m# com.torneios.dominio.competicao.steps.CompeticaoSteps.ele_registrar_placar()&amp#27;[0m
  &amp#27;[32mThen &amp#27;[0m&amp#27;[32mo sistema deve armazenar o resultado da partida&amp#27;[0m                                   &amp#27;[90m# com.torneios.dominio.competicao.steps.CompeticaoSteps.o_sistema_deve_armazenar_resultado()&amp#27;[0m
]]></system-out>
  </testcase>
  <testcase name="Atualizar classificação após registro de resultado" classname="RunCucumber" time="0.005">
    <system-out><![CDATA[
Scenario: Atualizar classificação após registro de resultado                   &amp#27;[90m# com/torneios/dominio/competicao/registrar-resultado-da-partida.feature:13&amp#27;[0m
  &amp#27;[32mGiven &amp#27;[0m&amp#27;[32mque existe uma partida cadastrada no torneio&amp#27;[0m                           &amp#27;[90m# com.torneios.dominio.competicao.steps.CompeticaoSteps.que_existe_partida_cadastrada()&amp#27;[0m
  &amp#27;[32mAnd &amp#27;[0m&amp#27;[32mque o usuário autenticado é o organizador do torneio&amp#27;[0m                     &amp#27;[90m# com.torneios.dominio.competicao.steps.CompeticaoSteps.que_usuario_e_organizador()&amp#27;[0m
  &amp#27;[32mWhen &amp#27;[0m&amp#27;[32mele registrar o resultado da partida&amp#27;[0m                                    &amp#27;[90m# com.torneios.dominio.competicao.steps.CompeticaoSteps.ele_registrar_resultado()&amp#27;[0m
  &amp#27;[32mThen &amp#27;[0m&amp#27;[32mo sistema deve atualizar automaticamente a classificação ou chaveamento&amp#27;[0m &amp#27;[90m# com.torneios.dominio.competicao.steps.CompeticaoSteps.o_sistema_deve_atualizar_classificacao_ou_chaveamento()&amp#27;[0m
]]></system-out>
  </testcase>
  <testcase name="Impedir registro de resultado por usuário não organizador" classname="RunCucumber" time="0.003">
    <system-out><![CDATA[
Scenario: Impedir registro de resultado por usuário não organizador &amp#27;[90m# com/torneios/dominio/competicao/registrar-resultado-da-partida.feature:19&amp#27;[0m
  &amp#27;[32mGiven &amp#27;[0m&amp#27;[32mque existe uma partida cadastrada no torneio&amp#27;[0m                &amp#27;[90m# com.torneios.dominio.competicao.steps.CompeticaoSteps.que_existe_partida_cadastrada()&amp#27;[0m
  &amp#27;[32mAnd &amp#27;[0m&amp#27;[32mque o usuário autenticado não é o organizador&amp#27;[0m                 &amp#27;[90m# com.torneios.dominio.competicao.steps.CompeticaoSteps.que_usuario_nao_e_organizador()&amp#27;[0m
  &amp#27;[32mWhen &amp#27;[0m&amp#27;[32mele tentar registrar o resultado da partida&amp#27;[0m                  &amp#27;[90m# com.torneios.dominio.competicao.steps.CompeticaoSteps.ele_tentar_registrar_resultado()&amp#27;[0m
  &amp#27;[32mThen &amp#27;[0m&amp#27;[32mo sistema deve impedir a operação&amp#27;[0m                            &amp#27;[90m# com.torneios.dominio.competicao.steps.CompeticaoSteps.o_sistema_deve_impedir_operacao()&amp#27;[0m
]]></system-out>
  </testcase>
  <testcase name="Impedir registro de resultado para partida inexistente" classname="RunCucumber" time="0.005">
    <system-out><![CDATA[
Scenario: Impedir registro de resultado para partida inexistente &amp#27;[90m# com/torneios/dominio/competicao/registrar-resultado-da-partida.feature:25&amp#27;[0m
  &amp#27;[32mGiven &amp#27;[0m&amp#27;[32mque não existe a partida informada&amp#27;[0m                       &amp#27;[90m# com.torneios.dominio.competicao.steps.CompeticaoSteps.que_nao_existe_partida()&amp#27;[0m
  &amp#27;[32mWhen &amp#27;[0m&amp#27;[32mo usuário tentar registrar um resultado&amp#27;[0m                   &amp#27;[90m# com.torneios.dominio.competicao.steps.CompeticaoSteps.o_usuario_tentar_registrar_resultado()&amp#27;[0m
  &amp#27;[32mThen &amp#27;[0m&amp#27;[32mo sistema deve impedir a operação&amp#27;[0m                         &amp#27;[90m# com.torneios.dominio.competicao.steps.CompeticaoSteps.o_sistema_deve_impedir_operacao()&amp#27;[0m
]]></system-out>
  </testcase>
  <testcase name="Visualizar classificação em torneio de pontos corridos" classname="RunCucumber" time="0.004">
    <system-out><![CDATA[
Scenario: Visualizar classificação em torneio de pontos corridos &amp#27;[90m# com/torneios/dominio/competicao/visualizar-classificacao-ou-chaveamento.feature:7&amp#27;[0m
  &amp#27;[32mGiven &amp#27;[0m&amp#27;[32mque existe um torneio com formato pontos corridos&amp#27;[0m        &amp#27;[90m# com.torneios.dominio.competicao.steps.CompeticaoSteps.que_existe_torneio_pontos_corridos()&amp#27;[0m
  &amp#27;[32mWhen &amp#27;[0m&amp#27;[32mo usuário acessar a classificação&amp#27;[0m                         &amp#27;[90m# com.torneios.dominio.competicao.steps.CompeticaoSteps.o_usuario_acessar_classificacao()&amp#27;[0m
  &amp#27;[32mThen &amp#27;[0m&amp#27;[32mo sistema deve exibir a tabela com a pontuação dos times&amp#27;[0m  &amp#27;[90m# com.torneios.dominio.competicao.steps.CompeticaoSteps.o_sistema_deve_exibir_tabela_pontuacao()&amp#27;[0m
]]></system-out>
  </testcase>
  <testcase name="Visualizar chaveamento em torneio mata-mata" classname="RunCucumber" time="0.003">
    <system-out><![CDATA[
Scenario: Visualizar chaveamento em torneio mata-mata            &amp#27;[90m# com/torneios/dominio/competicao/visualizar-classificacao-ou-chaveamento.feature:12&amp#27;[0m
  &amp#27;[32mGiven &amp#27;[0m&amp#27;[32mque existe um torneio com formato mata-mata&amp#27;[0m              &amp#27;[90m# com.torneios.dominio.competicao.steps.CompeticaoSteps.que_existe_torneio_mata_mata()&amp#27;[0m
  &amp#27;[32mWhen &amp#27;[0m&amp#27;[32mo usuário acessar o chaveamento&amp#27;[0m                           &amp#27;[90m# com.torneios.dominio.competicao.steps.CompeticaoSteps.o_usuario_acessar_chaveamento()&amp#27;[0m
  &amp#27;[32mThen &amp#27;[0m&amp#27;[32mo sistema deve exibir a estrutura eliminatória do torneio&amp#27;[0m &amp#27;[90m# com.torneios.dominio.competicao.steps.CompeticaoSteps.o_sistema_deve_exibir_estrutura_eliminatoria()&amp#27;[0m
]]></system-out>
  </testcase>
  <testcase name="Atualizar classificação após resultado de partida" classname="RunCucumber" time="0.006">
    <system-out><![CDATA[
Scenario: Atualizar classificação após resultado de partida &amp#27;[90m# com/torneios/dominio/competicao/visualizar-classificacao-ou-chaveamento.feature:17&amp#27;[0m
  &amp#27;[32mGiven &amp#27;[0m&amp#27;[32mque um resultado de partida foi registrado&amp#27;[0m          &amp#27;[90m# com.torneios.dominio.competicao.steps.CompeticaoSteps.que_resultado_de_partida_foi_registrado()&amp#27;[0m
  &amp#27;[32mWhen &amp#27;[0m&amp#27;[32mo usuário acessar a classificação&amp#27;[0m                    &amp#27;[90m# com.torneios.dominio.competicao.steps.CompeticaoSteps.o_usuario_acessar_classificacao()&amp#27;[0m
  &amp#27;[32mThen &amp#27;[0m&amp#27;[32mo sistema deve exibir a classificação atualizada&amp#27;[0m     &amp#27;[90m# com.torneios.dominio.competicao.steps.CompeticaoSteps.o_sistema_deve_exibir_classificacao_atualizada()&amp#27;[0m
]]></system-out>
  </testcase>
  <testcase name="Impedir visualização sem estrutura gerada" classname="RunCucumber" time="0.004">
    <system-out><![CDATA[
Scenario: Impedir visualização sem estrutura gerada                    &amp#27;[90m# com/torneios/dominio/competicao/visualizar-classificacao-ou-chaveamento.feature:22&amp#27;[0m
  &amp#27;[32mGiven &amp#27;[0m&amp#27;[32mque o torneio ainda não possui estrutura definida&amp#27;[0m              &amp#27;[90m# com.torneios.dominio.competicao.steps.CompeticaoSteps.que_torneio_nao_possui_estrutura()&amp#27;[0m
  &amp#27;[32mWhen &amp#27;[0m&amp#27;[32mo usuário acessar classificação ou chaveamento&amp#27;[0m                  &amp#27;[90m# com.torneios.dominio.competicao.steps.CompeticaoSteps.o_usuario_acessar_classificacao_ou_chaveamento()&amp#27;[0m
  &amp#27;[32mThen &amp#27;[0m&amp#27;[32mo sistema deve informar que a competição ainda não foi iniciada&amp#27;[0m &amp#27;[90m# com.torneios.dominio.competicao.steps.CompeticaoSteps.o_sistema_deve_informar_competicao_nao_iniciada()&amp#27;[0m
]]></system-out>
  </testcase>
</testsuite>