<?xml version="1.0" encoding="UTF-8"?>
<testsuite xmlns:xsi="http://www.w3.org/2001/XMLSchema-instance" xsi:noNamespaceSchemaLocation="https://maven.apache.org/surefire/maven-surefire-plugin/xsd/surefire-test-report.xsd" version="3.0.2" name="com.torneios.dominio.estatisticas.RunCucumber" time="0.25" tests="9" errors="0" skipped="0" failures="0">
  <properties>
[...]
</properties>
  <testcase name="Calcular nota estatística do jogador" classname="RunCucumber" time="0.088">
    <system-out><![CDATA[
Scenario: Calcular nota estatística do jogador               &amp#27;[90m# com/torneios/dominio/estatisticas/calcular-e-visualizar-estatisticas.feature:7&amp#27;[0m
  &amp#27;[32mGiven &amp#27;[0m&amp#27;[32mque existem eventos registrados para um jogador&amp#27;[0m      &amp#27;[90m# com.torneios.dominio.estatisticas.steps.EstatisticasSteps.que_existem_eventos_registrados()&amp#27;[0m
  &amp#27;[32mWhen &amp#27;[0m&amp#27;[32mo sistema calcular a nota estatística&amp#27;[0m                 &amp#27;[90m# com.torneios.dominio.estatisticas.steps.EstatisticasSteps.o_sistema_calcular_nota()&amp#27;[0m
  &amp#27;[32mThen &amp#27;[0m&amp#27;[32ma nota deve refletir os eventos positivos e negativos&amp#27;[0m &amp#27;[90m# com.torneios.dominio.estatisticas.steps.EstatisticasSteps.a_nota_deve_refletir_eventos()&amp#27;[0m
]]></system-out>
  </testcase>
  <testcase name="Gerar ranking de artilharia" classname="RunCucumber" time="0.009">
    <system-out><![CDATA[
Scenario: Gerar ranking de artilharia                                  &amp#27;[90m# com/torneios/dominio/estatisticas/calcular-e-visualizar-estatisticas.feature:12&amp#27;[0m
  &amp#27;[32mGiven &amp#27;[0m&amp#27;[32mque existem gols registrados no torneio&amp#27;[0m                        &amp#27;[90m# com.torneios.dominio.estatisticas.steps.EstatisticasSteps.que_existem_gols_registrados()&amp#27;[0m
  &amp#27;[32mWhen &amp#27;[0m&amp#27;[32mo usuário acessar a artilharia&amp#27;[0m                                  &amp#27;[90m# com.torneios.dominio.estatisticas.steps.EstatisticasSteps.o_usuario_acessar_artilharia()&amp#27;[0m
  &amp#27;[32mThen &amp#27;[0m&amp#27;[32mo sistema deve exibir os jogadores ordenados por número de gols&amp#27;[0m &amp#27;[90m# com.torneios.dominio.estatisticas.steps.EstatisticasSteps.o_sistema_deve_exibir_jogadores_ordenados()&amp#27;[0m
]]></system-out>
  </testcase>
  <testcase name="Visualizar estatísticas dos jogadores" classname="RunCucumber" time="0.005">
    <system-out><![CDATA[
Scenario: Visualizar estatísticas dos jogadores         &amp#27;[90m# com/torneios/dominio/estatisticas/calcular-e-visualizar-estatisticas.feature:17&amp#27;[0m
  &amp#27;[32mGiven &amp#27;[0m&amp#27;[32mque existem estatísticas registradas no torneio&amp#27;[0m &amp#27;[90m# com.torneios.dominio.estatisticas.steps.EstatisticasSteps.que_existem_estatisticas_registradas()&amp#27;[0m
  &amp#27;[32mWhen &amp#27;[0m&amp#27;[32mo usuário acessar as estatísticas&amp#27;[0m                &amp#27;[90m# com.torneios.dominio.estatisticas.steps.EstatisticasSteps.o_usuario_acessar_estatisticas()&amp#27;[0m
  &amp#27;[32mThen &amp#27;[0m&amp#27;[32mo sistema deve exibir os dados dos jogadores&amp#27;[0m     &amp#27;[90m# com.torneios.dominio.estatisticas.steps.EstatisticasSteps.o_sistema_deve_exibir_dados_jogadores()&amp#27;[0m
]]></system-out>
  </testcase>
  <testcase name="Atualizar estatísticas após novos eventos" classname="RunCucumber" time="0.004">
    <system-out><![CDATA[
Scenario: Atualizar estatísticas após novos eventos        &amp#27;[90m# com/torneios/dominio/estatisticas/calcular-e-visualizar-estatisticas.feature:22&amp#27;[0m
  &amp#27;[32mGiven &amp#27;[0m&amp#27;[32mque novos eventos foram registrados em uma partida&amp#27;[0m &amp#27;[90m# com.torneios.dominio.estatisticas.steps.EstatisticasSteps.que_novos_eventos_foram_registrados()&amp#27;[0m
  &amp#27;[32mWhen &amp#27;[0m&amp#27;[32mo usuário acessar as estatísticas&amp#27;[0m                   &amp#27;[90m# com.torneios.dominio.estatisticas.steps.EstatisticasSteps.o_usuario_acessar_estatisticas()&amp#27;[0m
  &amp#27;[32mThen &amp#27;[0m&amp#27;[32mo sistema deve exibir os dados atualizados&amp#27;[0m          &amp#27;[90m# com.torneios.dominio.estatisticas.steps.EstatisticasSteps.o_sistema_deve_exibir_dados_atualizados()&amp#27;[0m
]]></system-out>
  </testcase>
  <testcase name="Nao exibir estatisticas quando nao houver eventos registrados" classname="RunCucumber" time="0.005">
    <system-out><![CDATA[
Scenario: Nao exibir estatisticas quando nao houver eventos registrados     &amp#27;[90m# com/torneios/dominio/estatisticas/calcular-e-visualizar-estatisticas.feature:27&amp#27;[0m
  &amp#27;[32mGiven &amp#27;[0m&amp#27;[32mque existe uma partida sem eventos estatisticos registrados&amp#27;[0m         &amp#27;[90m# com.torneios.dominio.estatisticas.steps.EstatisticasSteps.que_existe_uma_partida_sem_eventos_estatisticos_registrados()&amp#27;[0m
  &amp#27;[32mWhen &amp#27;[0m&amp#27;[32mo usuario acessar as estatisticas sem eventos&amp#27;[0m                        &amp#27;[90m# com.torneios.dominio.estatisticas.steps.EstatisticasSteps.o_usuario_acessar_as_estatisticas_sem_eventos()&amp#27;[0m
  &amp#27;[32mThen &amp#27;[0m&amp#27;[32mo sistema deve manter apenas o placar oficial sem dados estatisticos&amp#27;[0m &amp#27;[90m# com.torneios.dominio.estatisticas.steps.EstatisticasSteps.o_sistema_deve_manter_apenas_o_placar_oficial_sem_dados_estatisticos()&amp#27;[0m
]]></system-out>
  </testcase>
  <testcase name="Registrar gol e assistência em uma partida" classname="RunCucumber" time="0.004">
    <system-out><![CDATA[
Scenario: Registrar gol e assistência em uma partida         &amp#27;[90m# com/torneios/dominio/estatisticas/registrar-eventos-estatisticos-da-partida.feature:7&amp#27;[0m
  &amp#27;[32mGiven &amp#27;[0m&amp#27;[32mque existe uma partida cadastrada&amp#27;[0m                    &amp#27;[90m# com.torneios.dominio.estatisticas.steps.EstatisticasSteps.que_existe_partida_cadastrada()&amp#27;[0m
  &amp#27;[32mAnd &amp#27;[0m&amp#27;[32mque o usuário autenticado é o organizador&amp#27;[0m              &amp#27;[90m# com.torneios.dominio.estatisticas.steps.EstatisticasSteps.que_usuario_e_organizador()&amp#27;[0m
  &amp#27;[32mWhen &amp#27;[0m&amp#27;[32mele registrar um gol e uma assistência para jogadores&amp#27;[0m &amp#27;[90m# com.torneios.dominio.estatisticas.steps.EstatisticasSteps.ele_registrar_gol_e_assistencia()&amp#27;[0m
  &amp#27;[32mThen &amp#27;[0m&amp#27;[32mo sistema deve armazenar os eventos corretamente&amp#27;[0m      &amp#27;[90m# com.torneios.dominio.estatisticas.steps.EstatisticasSteps.o_sistema_deve_armazenar_eventos()&amp#27;[0m
]]></system-out>
  </testcase>
  <testcase name="Registrar cartões em uma partida" classname="RunCucumber" time="0.003">
    <system-out><![CDATA[
Scenario: Registrar cartões em uma partida                     &amp#27;[90m# com/torneios/dominio/estatisticas/registrar-eventos-estatisticos-da-partida.feature:13&amp#27;[0m
  &amp#27;[32mGiven &amp#27;[0m&amp#27;[32mque existe uma partida cadastrada&amp#27;[0m                      &amp#27;[90m# com.torneios.dominio.estatisticas.steps.EstatisticasSteps.que_existe_partida_cadastrada()&amp#27;[0m
  &amp#27;[32mAnd &amp#27;[0m&amp#27;[32mque o usuário autenticado é o organizador&amp#27;[0m                &amp#27;[90m# com.torneios.dominio.estatisticas.steps.EstatisticasSteps.que_usuario_e_organizador()&amp#27;[0m
  &amp#27;[32mWhen &amp#27;[0m&amp#27;[32mele registrar cartão amarelo ou vermelho para jogadores&amp#27;[0m &amp#27;[90m# com.torneios.dominio.estatisticas.steps.EstatisticasSteps.ele_registrar_cartoes()&amp#27;[0m
  &amp#27;[32mThen &amp#27;[0m&amp#27;[32mo sistema deve armazenar os eventos corretamente&amp#27;[0m        &amp#27;[90m# com.torneios.dominio.estatisticas.steps.EstatisticasSteps.o_sistema_deve_armazenar_eventos()&amp#27;[0m
]]></system-out>
  </testcase>
  <testcase name="Impedir registro de eventos por usuário não organizador" classname="RunCucumber" time="0.004">
    <system-out><![CDATA[
Scenario: Impedir registro de eventos por usuário não organizador &amp#27;[90m# com/torneios/dominio/estatisticas/registrar-eventos-estatisticos-da-partida.feature:19&amp#27;[0m
  &amp#27;[32mGiven &amp#27;[0m&amp#27;[32mque existe uma partida cadastrada&amp#27;[0m                         &amp#27;[90m# com.torneios.dominio.estatisticas.steps.EstatisticasSteps.que_existe_partida_cadastrada()&amp#27;[0m
  &amp#27;[32mAnd &amp#27;[0m&amp#27;[32mque o usuário autenticado não é o organizador&amp#27;[0m               &amp#27;[90m# com.torneios.dominio.estatisticas.steps.EstatisticasSteps.que_usuario_nao_e_organizador()&amp#27;[0m
  &amp#27;[32mWhen &amp#27;[0m&amp#27;[32mele tentar registrar eventos da partida&amp#27;[0m                    &amp#27;[90m# com.torneios.dominio.estatisticas.steps.EstatisticasSteps.ele_tentar_registrar_eventos()&amp#27;[0m
  &amp#27;[32mThen &amp#27;[0m&amp#27;[32mo sistema deve impedir a operação&amp#27;[0m                          &amp#27;[90m# com.torneios.dominio.estatisticas.steps.EstatisticasSteps.o_sistema_deve_impedir_operacao()&amp#27;[0m
]]></system-out>
  </testcase>
  <testcase name="Impedir registro de eventos para jogador não pertencente ao time" classname="RunCucumber" time="0.003">
    <system-out><![CDATA[
Scenario: Impedir registro de eventos para jogador não pertencente ao time &amp#27;[90m# com/torneios/dominio/estatisticas/registrar-eventos-estatisticos-da-partida.feature:25&amp#27;[0m
  &amp#27;[32mGiven &amp#27;[0m&amp#27;[32mque existe uma partida cadastrada&amp#27;[0m                                  &amp#27;[90m# com.torneios.dominio.estatisticas.steps.EstatisticasSteps.que_existe_partida_cadastrada()&amp#27;[0m
  &amp#27;[32mAnd &amp#27;[0m&amp#27;[32mque o jogador não pertence aos times da partida&amp#27;[0m                      &amp#27;[90m# com.torneios.dominio.estatisticas.steps.EstatisticasSteps.que_jogador_nao_pertence_aos_times()&amp#27;[0m
  &amp#27;[32mWhen &amp#27;[0m&amp#27;[32mo organizador tentar registrar um evento para esse jogador&amp#27;[0m          &amp#27;[90m# com.torneios.dominio.estatisticas.steps.EstatisticasSteps.o_organizador_tentar_registrar_evento_jogador_invalido()&amp#27;[0m
  &amp#27;[32mThen &amp#27;[0m&amp#27;[32mo sistema deve impedir o registro&amp#27;[0m                                   &amp#27;[90m# com.torneios.dominio.estatisticas.steps.EstatisticasSteps.o_sistema_deve_impedir_registro()&amp#27;[0m
]]></system-out>
  </testcase>
</testsuite>