<?xml version="1.0" encoding="UTF-8"?>
<testsuite xmlns:xsi="http://www.w3.org/2001/XMLSchema-instance" xsi:noNamespaceSchemaLocation="https://maven.apache.org/surefire/maven-surefire-plugin/xsd/surefire-test-report.xsd" version="3.0.2" name="com.torneios.dominio.torneio.RunCucumber" time="0.248" tests="12" errors="0" skipped="0" failures="0">
  <properties>
[...]
</properties>
  <testcase name="Criar torneio completo com configuração válida" classname="RunCucumber" time="0.079">
    <system-out><![CDATA[
Scenario: Criar torneio completo com configuração válida                            &amp#27;[90m# com/torneios/dominio/torneio/criar-e-configurar-torneio.feature:7&amp#27;[0m
  &amp#27;[32mGiven &amp#27;[0m&amp#27;[32mque o usuário está autenticado&amp#27;[0m                                              &amp#27;[90m# com.torneios.dominio.torneio.steps.TorneioSteps.que_o_usuario_esta_autenticado()&amp#27;[0m
  &amp#27;[32mWhen &amp#27;[0m&amp#27;[32mele criar um torneio informando nome, formato válido e formato de equipe 5x5&amp#27;[0m &amp#27;[90m# com.torneios.dominio.torneio.steps.TorneioSteps.ele_criar_torneio_5x5()&amp#27;[0m
  &amp#27;[32mAnd &amp#27;[0m&amp#27;[32mdefinir que o torneio aceita solicitações de participação&amp#27;[0m                     &amp#27;[90m# com.torneios.dominio.torneio.steps.TorneioSteps.definir_torneio_aceita_solicitacoes()&amp#27;[0m
  &amp#27;[32mThen &amp#27;[0m&amp#27;[32mo sistema deve registrar o torneio com sucesso&amp#27;[0m                               &amp#27;[90m# com.torneios.dominio.torneio.steps.TorneioSteps.o_sistema_deve_registrar_torneio_com_sucesso()&amp#27;[0m
  &amp#27;[32mAnd &amp#27;[0m&amp#27;[32mdeve permitir entrada de times por solicitação&amp#27;[0m                                &amp#27;[90m# com.torneios.dominio.torneio.steps.TorneioSteps.deve_permitir_entrada_de_times_por_solicitacao()&amp#27;[0m
]]></system-out>
  </testcase>
  <testcase name="Criar torneio com participantes previamente definidos" classname="RunCucumber" time="0.007">
    <system-out><![CDATA[
Scenario: Criar torneio com participantes previamente definidos                       &amp#27;[90m# com/torneios/dominio/torneio/criar-e-configurar-torneio.feature:14&amp#27;[0m
  &amp#27;[32mGiven &amp#27;[0m&amp#27;[32mque o usuário está autenticado&amp#27;[0m                                                &amp#27;[90m# com.torneios.dominio.torneio.steps.TorneioSteps.que_o_usuario_esta_autenticado()&amp#27;[0m
  &amp#27;[32mWhen &amp#27;[0m&amp#27;[32mele criar um torneio informando nome, formato válido e formato de equipe 11x11&amp#27;[0m &amp#27;[90m# com.torneios.dominio.torneio.steps.TorneioSteps.ele_criar_torneio_11x11()&amp#27;[0m
  &amp#27;[32mAnd &amp#27;[0m&amp#27;[32minformar os participantes iniciais&amp#27;[0m                                              &amp#27;[90m# com.torneios.dominio.torneio.steps.TorneioSteps.informar_participantes_iniciais()&amp#27;[0m
  &amp#27;[32mThen &amp#27;[0m&amp#27;[32mo sistema deve registrar o torneio com os times definidos&amp#27;[0m                      &amp#27;[90m# com.torneios.dominio.torneio.steps.TorneioSteps.o_sistema_deve_registrar_torneio_com_times_definidos()&amp#27;[0m
]]></system-out>
  </testcase>
  <testcase name="Impedir criação de torneio sem formato de competição" classname="RunCucumber" time="0.003">
    <system-out><![CDATA[
Scenario: Impedir criação de torneio sem formato de competição         &amp#27;[90m# com/torneios/dominio/torneio/criar-e-configurar-torneio.feature:20&amp#27;[0m
  &amp#27;[32mGiven &amp#27;[0m&amp#27;[32mque o usuário está autenticado&amp#27;[0m                                 &amp#27;[90m# com.torneios.dominio.torneio.steps.TorneioSteps.que_o_usuario_esta_autenticado()&amp#27;[0m
  &amp#27;[32mWhen &amp#27;[0m&amp#27;[32mele tentar criar um torneio sem definir o formato da competição&amp#27;[0m &amp#27;[90m# com.torneios.dominio.torneio.steps.TorneioSteps.ele_tentar_criar_torneio_sem_formato()&amp#27;[0m
  &amp#27;[32mThen &amp#27;[0m&amp#27;[32mo sistema deve impedir a criação do torneio&amp#27;[0m                     &amp#27;[90m# com.torneios.dominio.torneio.steps.TorneioSteps.o_sistema_deve_impedir_criacao_do_torneio()&amp#27;[0m
]]></system-out>
  </testcase>
  <testcase name="Impedir criação de torneio sem formato de equipe" classname="RunCucumber" time="0.006">
    <system-out><![CDATA[
Scenario: Impedir criação de torneio sem formato de equipe                          &amp#27;[90m# com/torneios/dominio/torneio/criar-e-configurar-torneio.feature:25&amp#27;[0m
  &amp#27;[32mGiven &amp#27;[0m&amp#27;[32mque o usuário está autenticado&amp#27;[0m                                              &amp#27;[90m# com.torneios.dominio.torneio.steps.TorneioSteps.que_o_usuario_esta_autenticado()&amp#27;[0m
  &amp#27;[32mWhen &amp#27;[0m&amp#27;[32mele tentar criar um torneio sem definir a quantidade de jogadores por equipe&amp#27;[0m &amp#27;[90m# com.torneios.dominio.torneio.steps.TorneioSteps.ele_tentar_criar_torneio_sem_formato_equipe()&amp#27;[0m
  &amp#27;[32mThen &amp#27;[0m&amp#27;[32mo sistema deve impedir a criação do torneio&amp#27;[0m                                  &amp#27;[90m# com.torneios.dominio.torneio.steps.TorneioSteps.o_sistema_deve_impedir_criacao_do_torneio()&amp#27;[0m
]]></system-out>
  </testcase>
  <testcase name="Gerar estrutura de torneio mata-mata" classname="RunCucumber" time="0.006">
    <system-out><![CDATA[
Scenario: Gerar estrutura de torneio mata-mata         &amp#27;[90m# com/torneios/dominio/torneio/gerar-estrutura-da-competicao.feature:7&amp#27;[0m
  &amp#27;[32mGiven &amp#27;[0m&amp#27;[32mque existe um torneio com formato mata-mata&amp#27;[0m    &amp#27;[90m# com.torneios.dominio.torneio.steps.TorneioSteps.que_existe_torneio_mata_mata()&amp#27;[0m
  &amp#27;[32mAnd &amp#27;[0m&amp#27;[32mque o torneio possui participantes suficientes&amp#27;[0m   &amp#27;[90m# com.torneios.dominio.torneio.steps.TorneioSteps.que_torneio_possui_participantes_suficientes()&amp#27;[0m
  &amp#27;[32mWhen &amp#27;[0m&amp#27;[32mo organizador gerar a estrutura da competição&amp#27;[0m   &amp#27;[90m# com.torneios.dominio.torneio.steps.TorneioSteps.o_organizador_gerar_estrutura()&amp#27;[0m
  &amp#27;[32mThen &amp#27;[0m&amp#27;[32mo sistema deve gerar o chaveamento eliminatório&amp#27;[0m &amp#27;[90m# com.torneios.dominio.torneio.steps.TorneioSteps.o_sistema_deve_gerar_chaveamento_eliminatorio()&amp#27;[0m
]]></system-out>
  </testcase>
  <testcase name="Gerar estrutura de torneio por pontos corridos" classname="RunCucumber" time="0.004">
    <system-out><![CDATA[
Scenario: Gerar estrutura de torneio por pontos corridos        &amp#27;[90m# com/torneios/dominio/torneio/gerar-estrutura-da-competicao.feature:13&amp#27;[0m
  &amp#27;[32mGiven &amp#27;[0m&amp#27;[32mque existe um torneio com formato pontos corridos&amp#27;[0m       &amp#27;[90m# com.torneios.dominio.torneio.steps.TorneioSteps.que_existe_torneio_pontos_corridos()&amp#27;[0m
  &amp#27;[32mAnd &amp#27;[0m&amp#27;[32mque o torneio possui participantes suficientes&amp#27;[0m            &amp#27;[90m# com.torneios.dominio.torneio.steps.TorneioSteps.que_torneio_possui_participantes_suficientes()&amp#27;[0m
  &amp#27;[32mWhen &amp#27;[0m&amp#27;[32mo organizador gerar a estrutura da competição&amp#27;[0m            &amp#27;[90m# com.torneios.dominio.torneio.steps.TorneioSteps.o_organizador_gerar_estrutura()&amp#27;[0m
  &amp#27;[32mThen &amp#27;[0m&amp#27;[32mo sistema deve gerar a estrutura de tabela da competição&amp#27;[0m &amp#27;[90m# com.torneios.dominio.torneio.steps.TorneioSteps.o_sistema_deve_gerar_estrutura_tabela()&amp#27;[0m
]]></system-out>
  </testcase>
  <testcase name="Gerar estrutura de torneio com fase de grupos e mata-mata" classname="RunCucumber" time="0.005">
    <system-out><![CDATA[
Scenario: Gerar estrutura de torneio com fase de grupos e mata-mata    &amp#27;[90m# com/torneios/dominio/torneio/gerar-estrutura-da-competicao.feature:19&amp#27;[0m
  &amp#27;[32mGiven &amp#27;[0m&amp#27;[32mque existe um torneio com formato fase de grupos com mata-mata&amp#27;[0m &amp#27;[90m# com.torneios.dominio.torneio.steps.TorneioSteps.que_existe_torneio_fase_grupos()&amp#27;[0m
  &amp#27;[32mAnd &amp#27;[0m&amp#27;[32mque o torneio possui participantes suficientes&amp#27;[0m                   &amp#27;[90m# com.torneios.dominio.torneio.steps.TorneioSteps.que_torneio_possui_participantes_suficientes()&amp#27;[0m
  &amp#27;[32mWhen &amp#27;[0m&amp#27;[32mo organizador gerar a estrutura da competição&amp#27;[0m                   &amp#27;[90m# com.torneios.dominio.torneio.steps.TorneioSteps.o_organizador_gerar_estrutura()&amp#27;[0m
  &amp#27;[32mThen &amp#27;[0m&amp#27;[32mo sistema deve gerar os grupos da competição&amp#27;[0m                    &amp#27;[90m# com.torneios.dominio.torneio.steps.TorneioSteps.o_sistema_deve_gerar_grupos()&amp#27;[0m
]]></system-out>
  </testcase>
  <testcase name="Impedir geração de estrutura sem participantes suficientes" classname="RunCucumber" time="0.003">
    <system-out><![CDATA[
Scenario: Impedir geração de estrutura sem participantes suficientes &amp#27;[90m# com/torneios/dominio/torneio/gerar-estrutura-da-competicao.feature:25&amp#27;[0m
  &amp#27;[32mGiven &amp#27;[0m&amp#27;[32mque existe um torneio configurado&amp#27;[0m                            &amp#27;[90m# com.torneios.dominio.torneio.steps.TorneioSteps.que_existe_torneio_configurado()&amp#27;[0m
  &amp#27;[32mAnd &amp#27;[0m&amp#27;[32mque o torneio não possui participantes suficientes&amp#27;[0m             &amp#27;[90m# com.torneios.dominio.torneio.steps.TorneioSteps.que_torneio_nao_possui_participantes_suficientes()&amp#27;[0m
  &amp#27;[32mWhen &amp#27;[0m&amp#27;[32mo organizador gerar a estrutura da competição&amp#27;[0m                 &amp#27;[90m# com.torneios.dominio.torneio.steps.TorneioSteps.o_organizador_gerar_estrutura()&amp#27;[0m
  &amp#27;[32mThen &amp#27;[0m&amp#27;[32mo sistema deve impedir a geração da estrutura&amp#27;[0m                 &amp#27;[90m# com.torneios.dominio.torneio.steps.TorneioSteps.o_sistema_deve_impedir_geracao_estrutura()&amp#27;[0m
]]></system-out>
  </testcase>
  <testcase name="Aprovar time para participar do torneio" classname="RunCucumber" time="0.004">
    <system-out><![CDATA[
Scenario: Aprovar time para participar do torneio                     &amp#27;[90m# com/torneios/dominio/torneio/gerenciar-participantes-aprovados-do-torneio.feature:7&amp#27;[0m
  &amp#27;[32mGiven &amp#27;[0m&amp#27;[32mque existe um torneio com vagas abertas&amp#27;[0m                       &amp#27;[90m# com.torneios.dominio.torneio.steps.TorneioSteps.que_existe_torneio_com_vagas_abertas()&amp#27;[0m
  &amp#27;[32mAnd &amp#27;[0m&amp#27;[32mque existe uma solicitação pendente de participação&amp#27;[0m             &amp#27;[90m# com.torneios.dominio.torneio.steps.TorneioSteps.que_existe_solicitacao_pendente()&amp#27;[0m
  &amp#27;[32mAnd &amp#27;[0m&amp#27;[32mque o usuário autenticado é o organizador do torneio&amp#27;[0m            &amp#27;[90m# com.torneios.dominio.torneio.steps.TorneioSteps.que_usuario_e_organizador()&amp#27;[0m
  &amp#27;[32mWhen &amp#27;[0m&amp#27;[32mele aprovar a solicitação do time&amp#27;[0m                              &amp#27;[90m# com.torneios.dominio.torneio.steps.TorneioSteps.ele_aprovar_solicitacao_do_time()&amp#27;[0m
  &amp#27;[32mThen &amp#27;[0m&amp#27;[32mo sistema deve incluir o time entre os participantes aprovados&amp#27;[0m &amp#27;[90m# com.torneios.dominio.torneio.steps.TorneioSteps.o_sistema_deve_incluir_time_entre_participantes_aprovados()&amp#27;[0m
]]></system-out>
  </testcase>
  <testcase name="Remover time aprovado antes do início do torneio" classname="RunCucumber" time="0.004">
    <system-out><![CDATA[
Scenario: Remover time aprovado antes do início do torneio    &amp#27;[90m# com/torneios/dominio/torneio/gerenciar-participantes-aprovados-do-torneio.feature:14&amp#27;[0m
  &amp#27;[32mGiven &amp#27;[0m&amp#27;[32mque existe um torneio ainda não iniciado&amp#27;[0m              &amp#27;[90m# com.torneios.dominio.torneio.steps.TorneioSteps.que_existe_torneio_nao_iniciado()&amp#27;[0m
  &amp#27;[32mAnd &amp#27;[0m&amp#27;[32mque existe um time aprovado no torneio&amp#27;[0m                  &amp#27;[90m# com.torneios.dominio.torneio.steps.TorneioSteps.que_existe_time_aprovado()&amp#27;[0m
  &amp#27;[32mAnd &amp#27;[0m&amp#27;[32mque o usuário autenticado é o organizador do torneio&amp#27;[0m    &amp#27;[90m# com.torneios.dominio.torneio.steps.TorneioSteps.que_usuario_e_organizador()&amp#27;[0m
  &amp#27;[32mWhen &amp#27;[0m&amp#27;[32mele remover o time da lista de participantes aprovados&amp#27;[0m &amp#27;[90m# com.torneios.dominio.torneio.steps.TorneioSteps.ele_remover_time_dos_participantes()&amp#27;[0m
  &amp#27;[32mThen &amp#27;[0m&amp#27;[32mo sistema deve retirar o time do torneio&amp#27;[0m               &amp#27;[90m# com.torneios.dominio.torneio.steps.TorneioSteps.o_sistema_deve_retirar_time()&amp#27;[0m
]]></system-out>
  </testcase>
  <testcase name="Impedir gerenciamento de participantes por usuário não organizador" classname="RunCucumber" time="0.004">
    <system-out><![CDATA[
Scenario: Impedir gerenciamento de participantes por usuário não organizador &amp#27;[90m# com/torneios/dominio/torneio/gerenciar-participantes-aprovados-do-torneio.feature:21&amp#27;[0m
  &amp#27;[32mGiven &amp#27;[0m&amp#27;[32mque existe um torneio&amp#27;[0m                                                &amp#27;[90m# com.torneios.dominio.torneio.steps.TorneioSteps.que_existe_torneio()&amp#27;[0m
  &amp#27;[32mAnd &amp#27;[0m&amp#27;[32mque o usuário autenticado não é o organizador do torneio&amp#27;[0m               &amp#27;[90m# com.torneios.dominio.torneio.steps.TorneioSteps.que_usuario_nao_e_organizador()&amp#27;[0m
  &amp#27;[32mWhen &amp#27;[0m&amp#27;[32mele tentar aprovar ou remover participantes&amp#27;[0m                           &amp#27;[90m# com.torneios.dominio.torneio.steps.TorneioSteps.ele_tentar_aprovar_ou_remover_participantes()&amp#27;[0m
  &amp#27;[32mThen &amp#27;[0m&amp#27;[32mo sistema deve impedir a operação&amp#27;[0m                                     &amp#27;[90m# com.torneios.dominio.torneio.steps.TorneioSteps.o_sistema_deve_impedir_operacao()&amp#27;[0m
]]></system-out>
  </testcase>
  <testcase name="Impedir alteração de participantes após início do torneio" classname="RunCucumber" time="0.004">
    <system-out><![CDATA[
Scenario: Impedir alteração de participantes após início do torneio &amp#27;[90m# com/torneios/dominio/torneio/gerenciar-participantes-aprovados-do-torneio.feature:27&amp#27;[0m
  &amp#27;[32mGiven &amp#27;[0m&amp#27;[32mque existe um torneio já iniciado&amp#27;[0m                           &amp#27;[90m# com.torneios.dominio.torneio.steps.TorneioSteps.que_existe_torneio_ja_iniciado()&amp#27;[0m
  &amp#27;[32mAnd &amp#27;[0m&amp#27;[32mque o usuário autenticado é o organizador do torneio&amp#27;[0m          &amp#27;[90m# com.torneios.dominio.torneio.steps.TorneioSteps.que_usuario_e_organizador()&amp#27;[0m
  &amp#27;[32mWhen &amp#27;[0m&amp#27;[32mele tentar alterar a lista de participantes aprovados&amp#27;[0m        &amp#27;[90m# com.torneios.dominio.torneio.steps.TorneioSteps.ele_tentar_alterar_participantes()&amp#27;[0m
  &amp#27;[32mThen &amp#27;[0m&amp#27;[32mo sistema deve impedir a operação&amp#27;[0m                            &amp#27;[90m# com.torneios.dominio.torneio.steps.TorneioSteps.o_sistema_deve_impedir_operacao()&amp#27;[0m
]]></system-out>
  </testcase>
</testsuite>